"EXPLAIN"
"-> Filter: ((addresses.city = 'Munich') and (addresses.street = 'Teststreet'))  (cost=0.85 rows=1) (actual time=0.121..0.168 rows=3 loops=1)
    -> Table scan on addresses  (cost=0.85 rows=6) (actual time=0.105..0.135 rows=6 loops=1)
"
